<?xml version="1.0" encoding="UTF-8"?>
<!-- Generated by org.testng.reporters.JUnitXMLReporter -->
<testsuite ignored="0" hostname="Rajkumar" failures="1" tests="1" name="Default test" time="6.592" errors="0" timestamp="2026-04-10T12:13:52 IST">
  <testcase classname="io.cucumber.testng.AbstractTestNGCucumberTests" name="runScenario" time="6.087">
    <failure type="io.cucumber.testng.UndefinedStepException" message="The step &amp;apos;user click on login button&amp;apos; is undefined.
You can implement this step using the snippet(s) below:

@Given(&amp;quot;user click on login button&amp;quot;)
public void user_click_on_login_button() {
    // Write code here that turns the phrase above into concrete actions
    throw new io.cucumber.java.PendingException();
}
">
      <![CDATA[io.cucumber.testng.UndefinedStepException: The step 'user click on login button' is undefined.
You can implement this step using the snippet(s) below:

@Given("user click on login button")
public void user_click_on_login_button() {
    // Write code here that turns the phrase above into concrete actions
    throw new io.cucumber.java.PendingException();
}

at ✽.user click on login button(file:///C:/Users/gaikw/git/Selenium_Project/src/test/resources/features/Cogmento.feature:8)
]]>
    </failure>
  </testcase> <!-- runScenario -->
</testsuite> <!-- Default test -->
