<?xml version="1.0" encoding="UTF-8"?>
<!-- Generated by org.testng.reporters.JUnitReportReporter -->
<testsuite hostname="Rajkumar" failures="0" tests="1" name="runner.RunnerTest" time="6.087" errors="1" timestamp="2026-04-10T12:13:52 IST" skipped="0">
  <testcase classname="runner.RunnerTest" name="runScenario" time="6.087">
    <error message="The step &#039;user click on login button&#039; is undefined.
You can implement this step using the snippet(s) below:

@Given(&quot;user click on login button&quot;)
public void user_click_on_login_button() {
    // Write code here that turns the phrase above into concrete actions
    throw new io.cucumber.java.PendingException();
}
" type="io.cucumber.testng.UndefinedStepException">
      <![CDATA[io.cucumber.testng.UndefinedStepException: The step 'user click on login button' is undefined.
You can implement this step using the snippet(s) below:

@Given("user click on login button")
public void user_click_on_login_button() {
    // Write code here that turns the phrase above into concrete actions
    throw new io.cucumber.java.PendingException();
}

at ✽.user click on login button(file:///C:/Users/gaikw/git/Selenium_Project/src/test/resources/features/Cogmento.feature:8)
]]>
    </error>
  </testcase> <!-- runScenario -->
  <system-out/>
</testsuite> <!-- runner.RunnerTest -->
